
Circuit 1 cell sky130_fd_pr__pfet_01v8 and Circuit 2 cell sky130_fd_pr__pfet_01v8 are black boxes.
Equate elements:  no current cell.
Device classes sky130_fd_pr__pfet_01v8 and sky130_fd_pr__pfet_01v8 are equivalent.

Circuit 1 cell sky130_fd_pr__nfet_01v8 and Circuit 2 cell sky130_fd_pr__nfet_01v8 are black boxes.
Equate elements:  no current cell.
Device classes sky130_fd_pr__nfet_01v8 and sky130_fd_pr__nfet_01v8 are equivalent.
Flattening unmatched subcell LDS_Cascode_bias_voltage_generator in circuit LVS_Cascode_bias_voltage_generator.spice (1)(1 instance)

Class Cascode_voltage_bias.spice (0):  Merged 32 parallel devices.
Class LVS_Cascode_bias_voltage_generator.spice (1):  Merged 32 parallel devices.
Subcircuit summary:
Circuit 1: Cascode_voltage_bias.spice      |Circuit 2: LVS_Cascode_bias_voltage_genera 
-------------------------------------------|-------------------------------------------
sky130_fd_pr__pfet_01v8 (40->23)           |sky130_fd_pr__pfet_01v8 (40->23)           
sky130_fd_pr__nfet_01v8 (36->21)           |sky130_fd_pr__nfet_01v8 (36->21)           
Number of devices: 44                      |Number of devices: 44                      
Number of nets: 30                         |Number of nets: 30                         
---------------------------------------------------------------------------------------
Resolving symmetries by property value.
Resolving symmetries by pin name.
Netlists match with 22 symmetries with property errors.
sky130_fd_pr__nfet_01v8:17 vs. LDS_Cascode_bias_voltage_generator:1/sky130_fd_pr__nfet_01v8:M14:
 w circuit1: 6   circuit2: 12   (delta=66.7%, cutoff=1%)
sky130_fd_pr__nfet_01v8:23 vs. LDS_Cascode_bias_voltage_generator:1/sky130_fd_pr__nfet_01v8:M15:
 w circuit1: 6   circuit2: 12   (delta=66.7%, cutoff=1%)
sky130_fd_pr__nfet_01v8:13 vs. LDS_Cascode_bias_voltage_generator:1/sky130_fd_pr__nfet_01v8:M16:
 w circuit1: 6   circuit2: 12   (delta=66.7%, cutoff=1%)
sky130_fd_pr__nfet_01v8:33 vs. LDS_Cascode_bias_voltage_generator:1/sky130_fd_pr__nfet_01v8:M28:
 w circuit1: 6   circuit2: 12   (delta=66.7%, cutoff=1%)
sky130_fd_pr__nfet_01v8:30 vs. LDS_Cascode_bias_voltage_generator:1/sky130_fd_pr__nfet_01v8:M13:
 w circuit1: 6   circuit2: 12   (delta=66.7%, cutoff=1%)
sky130_fd_pr__nfet_01v8:14 vs. LDS_Cascode_bias_voltage_generator:1/sky130_fd_pr__nfet_01v8:M29:
 w circuit1: 6   circuit2: 12   (delta=66.7%, cutoff=1%)
sky130_fd_pr__nfet_01v8:45 vs. LDS_Cascode_bias_voltage_generator:1/sky130_fd_pr__nfet_01v8:M37:
 w circuit1: 6   circuit2: 12   (delta=66.7%, cutoff=1%)
sky130_fd_pr__nfet_01v8:21 vs. LDS_Cascode_bias_voltage_generator:1/sky130_fd_pr__nfet_01v8:M17:
 w circuit1: 6   circuit2: 12   (delta=66.7%, cutoff=1%)
sky130_fd_pr__nfet_01v8:9 vs. LDS_Cascode_bias_voltage_generator:1/sky130_fd_pr__nfet_01v8:M38:
 w circuit1: 6   circuit2: 12   (delta=66.7%, cutoff=1%)
sky130_fd_pr__nfet_01v8:59 vs. LDS_Cascode_bias_voltage_generator:1/sky130_fd_pr__nfet_01v8:M48:
 w circuit1: 6   circuit2: 12   (delta=66.7%, cutoff=1%)
sky130_fd_pr__nfet_01v8:16 vs. LDS_Cascode_bias_voltage_generator:1/sky130_fd_pr__nfet_01v8:M18:
 w circuit1: 6   circuit2: 12   (delta=66.7%, cutoff=1%)
sky130_fd_pr__nfet_01v8:58 vs. LDS_Cascode_bias_voltage_generator:1/sky130_fd_pr__nfet_01v8:M63:
 w circuit1: 6   circuit2: 12   (delta=66.7%, cutoff=1%)
sky130_fd_pr__nfet_01v8:37 vs. LDS_Cascode_bias_voltage_generator:1/sky130_fd_pr__nfet_01v8:M6:
 w circuit1: 6   circuit2: 12   (delta=66.7%, cutoff=1%)
sky130_fd_pr__nfet_01v8:38 vs. LDS_Cascode_bias_voltage_generator:1/sky130_fd_pr__nfet_01v8:M7:
 w circuit1: 6   circuit2: 12   (delta=66.7%, cutoff=1%)
sky130_fd_pr__nfet_01v8:8 vs. LDS_Cascode_bias_voltage_generator:1/sky130_fd_pr__nfet_01v8:M64:
 w circuit1: 6   circuit2: 12   (delta=66.7%, cutoff=1%)
sky130_fd_pr__nfet_01v8:55 vs. LDS_Cascode_bias_voltage_generator:1/sky130_fd_pr__nfet_01v8:M8:
 w circuit1: 6   circuit2: 12   (delta=66.7%, cutoff=1%)
sky130_fd_pr__nfet_01v8:7 vs. LDS_Cascode_bias_voltage_generator:1/sky130_fd_pr__nfet_01v8:M65:
 w circuit1: 6   circuit2: 12   (delta=66.7%, cutoff=1%)
sky130_fd_pr__nfet_01v8:5 vs. LDS_Cascode_bias_voltage_generator:1/sky130_fd_pr__nfet_01v8:M33:
 w circuit1: 6   circuit2: 12   (delta=66.7%, cutoff=1%)
sky130_fd_pr__nfet_01v8:72 vs. LDS_Cascode_bias_voltage_generator:1/sky130_fd_pr__nfet_01v8:M66:
 w circuit1: 6   circuit2: 12   (delta=66.7%, cutoff=1%)
sky130_fd_pr__nfet_01v8:70 vs. LDS_Cascode_bias_voltage_generator:1/sky130_fd_pr__nfet_01v8:M67:
 w circuit1: 6   circuit2: 12   (delta=66.7%, cutoff=1%)
sky130_fd_pr__nfet_01v8:29 vs. LDS_Cascode_bias_voltage_generator:1/sky130_fd_pr__nfet_01v8:M34:
 w circuit1: 6   circuit2: 12   (delta=66.7%, cutoff=1%)
sky130_fd_pr__pfet_01v8:47 vs. LDS_Cascode_bias_voltage_generator:1/sky130_fd_pr__pfet_01v8:M9:
 w circuit1: 6   circuit2: 12   (delta=66.7%, cutoff=1%)
sky130_fd_pr__pfet_01v8:6 vs. LDS_Cascode_bias_voltage_generator:1/sky130_fd_pr__pfet_01v8:M10:
 w circuit1: 6   circuit2: 12   (delta=66.7%, cutoff=1%)
sky130_fd_pr__pfet_01v8:11 vs. LDS_Cascode_bias_voltage_generator:1/sky130_fd_pr__pfet_01v8:M19:
 w circuit1: 6   circuit2: 12   (delta=66.7%, cutoff=1%)
sky130_fd_pr__pfet_01v8:48 vs. LDS_Cascode_bias_voltage_generator:1/sky130_fd_pr__pfet_01v8:M20:
 w circuit1: 6   circuit2: 12   (delta=66.7%, cutoff=1%)
sky130_fd_pr__pfet_01v8:41 vs. LDS_Cascode_bias_voltage_generator:1/sky130_fd_pr__pfet_01v8:M22:
 w circuit1: 6   circuit2: 12   (delta=66.7%, cutoff=1%)
sky130_fd_pr__pfet_01v8:2 vs. LDS_Cascode_bias_voltage_generator:1/sky130_fd_pr__pfet_01v8:M23:
 w circuit1: 6   circuit2: 12   (delta=66.7%, cutoff=1%)
sky130_fd_pr__pfet_01v8:1 vs. LDS_Cascode_bias_voltage_generator:1/sky130_fd_pr__pfet_01v8:M21:
 w circuit1: 6   circuit2: 12   (delta=66.7%, cutoff=1%)
sky130_fd_pr__pfet_01v8:0 vs. LDS_Cascode_bias_voltage_generator:1/sky130_fd_pr__pfet_01v8:M24:
 w circuit1: 6   circuit2: 12   (delta=66.7%, cutoff=1%)
sky130_fd_pr__pfet_01v8:46 vs. LDS_Cascode_bias_voltage_generator:1/sky130_fd_pr__pfet_01v8:M11:
 w circuit1: 6   circuit2: 12   (delta=66.7%, cutoff=1%)
sky130_fd_pr__pfet_01v8:20 vs. LDS_Cascode_bias_voltage_generator:1/sky130_fd_pr__pfet_01v8:M35:
 w circuit1: 6   circuit2: 12   (delta=66.7%, cutoff=1%)
sky130_fd_pr__pfet_01v8:10 vs. LDS_Cascode_bias_voltage_generator:1/sky130_fd_pr__pfet_01v8:M36:
 w circuit1: 6   circuit2: 12   (delta=66.7%, cutoff=1%)
sky130_fd_pr__pfet_01v8:61 vs. LDS_Cascode_bias_voltage_generator:1/sky130_fd_pr__pfet_01v8:M42:
 w circuit1: 6   circuit2: 12   (delta=66.7%, cutoff=1%)
sky130_fd_pr__pfet_01v8:44 vs. LDS_Cascode_bias_voltage_generator:1/sky130_fd_pr__pfet_01v8:M12:
 w circuit1: 6   circuit2: 12   (delta=66.7%, cutoff=1%)
sky130_fd_pr__pfet_01v8:64 vs. LDS_Cascode_bias_voltage_generator:1/sky130_fd_pr__pfet_01v8:M1:
 w circuit1: 6   circuit2: 12   (delta=66.7%, cutoff=1%)
sky130_fd_pr__pfet_01v8:57 vs. LDS_Cascode_bias_voltage_generator:1/sky130_fd_pr__pfet_01v8:M58:
 w circuit1: 6   circuit2: 12   (delta=66.7%, cutoff=1%)
sky130_fd_pr__pfet_01v8:4 vs. LDS_Cascode_bias_voltage_generator:1/sky130_fd_pr__pfet_01v8:M4:
 w circuit1: 6   circuit2: 12   (delta=66.7%, cutoff=1%)
sky130_fd_pr__pfet_01v8:19 vs. LDS_Cascode_bias_voltage_generator:1/sky130_fd_pr__pfet_01v8:M61:
 w circuit1: 6   circuit2: 12   (delta=66.7%, cutoff=1%)
sky130_fd_pr__pfet_01v8:68 vs. LDS_Cascode_bias_voltage_generator:1/sky130_fd_pr__pfet_01v8:M2:
 w circuit1: 6   circuit2: 12   (delta=66.7%, cutoff=1%)
sky130_fd_pr__pfet_01v8:40 vs. LDS_Cascode_bias_voltage_generator:1/sky130_fd_pr__pfet_01v8:M59:
 w circuit1: 6   circuit2: 12   (delta=66.7%, cutoff=1%)
sky130_fd_pr__pfet_01v8:39 vs. LDS_Cascode_bias_voltage_generator:1/sky130_fd_pr__pfet_01v8:M60:
 w circuit1: 6   circuit2: 12   (delta=66.7%, cutoff=1%)
sky130_fd_pr__pfet_01v8:3 vs. LDS_Cascode_bias_voltage_generator:1/sky130_fd_pr__pfet_01v8:M3:
 w circuit1: 6   circuit2: 12   (delta=66.7%, cutoff=1%)
sky130_fd_pr__pfet_01v8:31 vs. LDS_Cascode_bias_voltage_generator:1/sky130_fd_pr__pfet_01v8:M5:
 w circuit1: 6   circuit2: 12   (delta=66.7%, cutoff=1%)
sky130_fd_pr__pfet_01v8:18 vs. LDS_Cascode_bias_voltage_generator:1/sky130_fd_pr__pfet_01v8:M62:
 w circuit1: 6   circuit2: 12   (delta=66.7%, cutoff=1%)
Cells have no pins;  pin matching not needed.
Device classes Cascode_voltage_bias.spice and LVS_Cascode_bias_voltage_generator.spice are equivalent.

Final result: Circuits match uniquely.
Property errors were found.

The following cells had property errors:
 Cascode_voltage_bias.spice
